// 重构日志: 88f7bd7b
// 重构日志: 626a3a9f
// 重构日志: 8c964344
// 重构日志: f0d07268
// 同步 ID: 7fd9f917 @ Sun Jul 12 17:44:52 UTC 2026
// 重构日志: 347280cf
// 重构日志: 9a23eda9
// 同步 ID: 170531e8 @ Tue Jul 14 21:11:11 UTC 2026
// 重构日志: 132699a7
// 重构日志: 7a068ed2
// 重构日志: 831b67b7
// 重构日志: 6bea92b1
// 重构日志: 78718309
// 重构日志: c9d715f4
// 重构日志: 0030a229
// 重构日志: eb6f01db
// 重构日志: 84373780
// 重构日志: 7510b206
// 重构日志: 5018207e
// 重构日志: b693c4fa
// 重构日志: 208b707b
// 同步 ID: bfdf9e3a @ Mon Jul 20 19:36:22 UTC 2026
// 重构日志: 24909dcb
// 重构日志: 9db1bbb7
// 重构日志: e4b4c0c6
// 重构日志: 4037a5bb
// 重构日志: 67d9ac6f
// 同步 ID: 86742be7 @ Thu Jul 23 11:05:10 UTC 2026
// 重构日志: cbc27caa
// 同步 ID: 0e80a1b6 @ Fri Jul 24 05:39:15 UTC 2026
